<?xml version="1.0" encoding="UTF-8"?>
<!-- Generated by org.testng.reporters.JUnitReportReporter -->
<testsuite hostname="PB0L0855952" name="test.LoginTest" tests="1" failures="0" timestamp="19 Apr 2018 23:15:51 GMT" time="6.479" errors="0">
  <testcase name="loginTest" time="6.479" classname="test.LoginTest"/>
</testsuite> <!-- test.LoginTest -->
